<?xml version="1.0" encoding="UTF-8"?>
<!-- Generated by org.testng.reporters.JUnitReportReporter -->
<testsuite hostname="intel" failures="0" tests="1" name="tests.smtpTest" time="0.053" errors="0" timestamp="2023-02-14T15:53:32 IST" skipped="0">
  <testcase classname="tests.smtpTest" name="Smtp" time="0.053"/>
  <system-out/>
</testsuite> <!-- tests.smtpTest -->
