<?xml version="1.0" encoding="UTF-8"?>
<!-- Generated by org.testng.reporters.JUnitReportReporter -->
<testsuite hostname="intel" failures="0" tests="1" name="tests.StreamLoop" time="5.136" errors="0" timestamp="2023-02-09T11:49:07 IST" skipped="0">
  <testcase classname="tests.StreamLoop" name="LoopStream" time="5.136"/>
  <system-out/>
</testsuite> <!-- tests.StreamLoop -->
